F:\DOCS\ALGO DOCS\ALGO FILES\PROJECTS\SORT\SORT\DEBUG\MAIN.OBJ
F:\DOCS\ALGO DOCS\ALGO FILES\PROJECTS\SORT\SORT\DEBUG\SORTARRAY.OBJ
F:\DOCS\ALGO DOCS\ALGO FILES\PROJECTS\SORT\SORT\DEBUG\VC110.PDB
F:\DOCS\ALGO DOCS\ALGO FILES\PROJECTS\SORT\DEBUG\SORT.ILK
F:\DOCS\ALGO DOCS\ALGO FILES\PROJECTS\SORT\DEBUG\SORT.EXE
F:\DOCS\ALGO DOCS\ALGO FILES\PROJECTS\SORT\DEBUG\SORT.PDB
F:\docs\algo docs\algo files\Projects\sort\sort\Debug\main.obj
F:\docs\algo docs\algo files\Projects\sort\sort\Debug\sortArray.obj
F:\docs\algo docs\algo files\Projects\sort\sort\Debug\cl.command.1.tlog
F:\docs\algo docs\algo files\Projects\sort\sort\Debug\CL.read.1.tlog
F:\docs\algo docs\algo files\Projects\sort\sort\Debug\CL.write.1.tlog
F:\docs\algo docs\algo files\Projects\sort\sort\Debug\link-cvtres.read.1.tlog
F:\docs\algo docs\algo files\Projects\sort\sort\Debug\link-cvtres.write.1.tlog
F:\docs\algo docs\algo files\Projects\sort\sort\Debug\link-rc.read.1.tlog
F:\docs\algo docs\algo files\Projects\sort\sort\Debug\link-rc.write.1.tlog
F:\docs\algo docs\algo files\Projects\sort\sort\Debug\link.command.1.tlog
F:\docs\algo docs\algo files\Projects\sort\sort\Debug\link.read.1.tlog
F:\docs\algo docs\algo files\Projects\sort\sort\Debug\link.write.1.tlog
F:\docs\algo docs\algo files\Projects\sort\sort\Debug\vc110.idb
F:\docs\algo docs\algo files\Projects\sort\sort\Debug\vc110.pdb
F:\docs\algo docs\algo files\Projects\sort\Debug\sort.pdb
F:\docs\algo docs\algo files\Projects\sort\Debug\sort.exe
F:\docs\algo docs\algo files\Projects\sort\Debug\sort.ilk
