F:\DOCS\ALGO DOCS\ALGO FILES\GRAPH\GRAPH\DEBUG\GRAPH.OBJ
F:\DOCS\ALGO DOCS\ALGO FILES\GRAPH\GRAPH\DEBUG\SOURCE.OBJ
F:\DOCS\ALGO DOCS\ALGO FILES\GRAPH\GRAPH\DEBUG\NODE.OBJ
F:\DOCS\ALGO DOCS\ALGO FILES\GRAPH\GRAPH\DEBUG\VC110.PDB
F:\DOCS\ALGO DOCS\ALGO FILES\GRAPH\DEBUG\GRAPH.ILK
F:\DOCS\ALGO DOCS\ALGO FILES\GRAPH\DEBUG\GRAPH.EXE
F:\DOCS\ALGO DOCS\ALGO FILES\GRAPH\DEBUG\GRAPH.PDB
F:\docs\algo docs\algo files\Graph\Graph\Debug\graph.obj
F:\docs\algo docs\algo files\Graph\Graph\Debug\node.obj
F:\docs\algo docs\algo files\Graph\Graph\Debug\Source.obj
F:\docs\algo docs\algo files\Graph\Graph\Debug\cl.command.1.tlog
F:\docs\algo docs\algo files\Graph\Graph\Debug\CL.read.1.tlog
F:\docs\algo docs\algo files\Graph\Graph\Debug\CL.write.1.tlog
F:\docs\algo docs\algo files\Graph\Graph\Debug\link-cvtres.read.1.tlog
F:\docs\algo docs\algo files\Graph\Graph\Debug\link-cvtres.write.1.tlog
F:\docs\algo docs\algo files\Graph\Graph\Debug\link-rc.read.1.tlog
F:\docs\algo docs\algo files\Graph\Graph\Debug\link-rc.write.1.tlog
F:\docs\algo docs\algo files\Graph\Graph\Debug\link.204-cvtres.read.1.tlog
F:\docs\algo docs\algo files\Graph\Graph\Debug\link.204-cvtres.write.1.tlog
F:\docs\algo docs\algo files\Graph\Graph\Debug\link.204-rc.read.1.tlog
F:\docs\algo docs\algo files\Graph\Graph\Debug\link.204-rc.write.1.tlog
F:\docs\algo docs\algo files\Graph\Graph\Debug\link.204.read.1.tlog
F:\docs\algo docs\algo files\Graph\Graph\Debug\link.204.write.1.tlog
F:\docs\algo docs\algo files\Graph\Graph\Debug\link.6624-cvtres.read.1.tlog
F:\docs\algo docs\algo files\Graph\Graph\Debug\link.6624-cvtres.write.1.tlog
F:\docs\algo docs\algo files\Graph\Graph\Debug\link.6624-rc.read.1.tlog
F:\docs\algo docs\algo files\Graph\Graph\Debug\link.6624-rc.write.1.tlog
F:\docs\algo docs\algo files\Graph\Graph\Debug\link.6624.read.1.tlog
F:\docs\algo docs\algo files\Graph\Graph\Debug\link.6624.write.1.tlog
F:\docs\algo docs\algo files\Graph\Graph\Debug\link.8008-cvtres.read.1.tlog
F:\docs\algo docs\algo files\Graph\Graph\Debug\link.8008-cvtres.write.1.tlog
F:\docs\algo docs\algo files\Graph\Graph\Debug\link.8008-rc.read.1.tlog
F:\docs\algo docs\algo files\Graph\Graph\Debug\link.8008-rc.write.1.tlog
F:\docs\algo docs\algo files\Graph\Graph\Debug\link.8008.read.1.tlog
F:\docs\algo docs\algo files\Graph\Graph\Debug\link.8008.write.1.tlog
F:\docs\algo docs\algo files\Graph\Graph\Debug\link.command.1.tlog
F:\docs\algo docs\algo files\Graph\Graph\Debug\link.read.1.tlog
F:\docs\algo docs\algo files\Graph\Graph\Debug\link.write.1.tlog
F:\docs\algo docs\algo files\Graph\Graph\Debug\vc110.idb
F:\docs\algo docs\algo files\Graph\Graph\Debug\vc110.pdb
F:\docs\algo docs\algo files\Graph\Debug\Graph.pdb
F:\docs\algo docs\algo files\Graph\Debug\Graph.exe
F:\docs\algo docs\algo files\Graph\Debug\Graph.ilk
