F:\DOCS\ALGO DOCS\ALGO FILES\UNIONFIND\UNIONFIND\DEBUG\MAIN.OBJ
F:\DOCS\ALGO DOCS\ALGO FILES\UNIONFIND\UNIONFIND\DEBUG\UNIONFIND.OBJ
F:\DOCS\ALGO DOCS\ALGO FILES\UNIONFIND\UNIONFIND\DEBUG\VC110.PDB
F:\DOCS\ALGO DOCS\ALGO FILES\UNIONFIND\DEBUG\UNIONFIND.ILK
F:\DOCS\ALGO DOCS\ALGO FILES\UNIONFIND\DEBUG\UNIONFIND.EXE
F:\DOCS\ALGO DOCS\ALGO FILES\UNIONFIND\DEBUG\UNIONFIND.PDB
F:\docs\algo docs\algo files\UnionFind\UnionFind\Debug\main.obj
F:\docs\algo docs\algo files\UnionFind\UnionFind\Debug\UnionFind.obj
F:\docs\algo docs\algo files\UnionFind\UnionFind\Debug\cl.command.1.tlog
F:\docs\algo docs\algo files\UnionFind\UnionFind\Debug\CL.read.1.tlog
F:\docs\algo docs\algo files\UnionFind\UnionFind\Debug\CL.write.1.tlog
F:\docs\algo docs\algo files\UnionFind\UnionFind\Debug\link-cvtres.read.1.tlog
F:\docs\algo docs\algo files\UnionFind\UnionFind\Debug\link-cvtres.write.1.tlog
F:\docs\algo docs\algo files\UnionFind\UnionFind\Debug\link-rc.read.1.tlog
F:\docs\algo docs\algo files\UnionFind\UnionFind\Debug\link-rc.write.1.tlog
F:\docs\algo docs\algo files\UnionFind\UnionFind\Debug\link.command.1.tlog
F:\docs\algo docs\algo files\UnionFind\UnionFind\Debug\link.read.1.tlog
F:\docs\algo docs\algo files\UnionFind\UnionFind\Debug\link.write.1.tlog
F:\docs\algo docs\algo files\UnionFind\UnionFind\Debug\vc110.idb
F:\docs\algo docs\algo files\UnionFind\UnionFind\Debug\vc110.pdb
F:\docs\algo docs\algo files\UnionFind\Debug\UnionFind.pdb
F:\docs\algo docs\algo files\UnionFind\Debug\UnionFind.exe
F:\docs\algo docs\algo files\UnionFind\Debug\UnionFind.ilk
