F:\DOCS\ALGO DOCS\ALGO FILES\PROJECTS\LINKEDLIST\LINKEDLIST\DEBUG\SOURCE.OBJ
F:\DOCS\ALGO DOCS\ALGO FILES\PROJECTS\LINKEDLIST\LINKEDLIST\DEBUG\VC110.PDB
F:\DOCS\ALGO DOCS\ALGO FILES\PROJECTS\LINKEDLIST\DEBUG\LINKEDLIST.ILK
F:\DOCS\ALGO DOCS\ALGO FILES\PROJECTS\LINKEDLIST\DEBUG\LINKEDLIST.EXE
F:\DOCS\ALGO DOCS\ALGO FILES\PROJECTS\LINKEDLIST\DEBUG\LINKEDLIST.PDB
F:\docs\algo docs\algo files\Projects\LinkedList\LinkedList\Debug\Source.obj
F:\docs\algo docs\algo files\Projects\LinkedList\LinkedList\Debug\cl.command.1.tlog
F:\docs\algo docs\algo files\Projects\LinkedList\LinkedList\Debug\CL.read.1.tlog
F:\docs\algo docs\algo files\Projects\LinkedList\LinkedList\Debug\CL.write.1.tlog
F:\docs\algo docs\algo files\Projects\LinkedList\LinkedList\Debug\link-cvtres.read.1.tlog
F:\docs\algo docs\algo files\Projects\LinkedList\LinkedList\Debug\link-cvtres.write.1.tlog
F:\docs\algo docs\algo files\Projects\LinkedList\LinkedList\Debug\link-rc.read.1.tlog
F:\docs\algo docs\algo files\Projects\LinkedList\LinkedList\Debug\link-rc.write.1.tlog
F:\docs\algo docs\algo files\Projects\LinkedList\LinkedList\Debug\link.command.1.tlog
F:\docs\algo docs\algo files\Projects\LinkedList\LinkedList\Debug\link.read.1.tlog
F:\docs\algo docs\algo files\Projects\LinkedList\LinkedList\Debug\link.write.1.tlog
F:\docs\algo docs\algo files\Projects\LinkedList\LinkedList\Debug\vc110.idb
F:\docs\algo docs\algo files\Projects\LinkedList\LinkedList\Debug\vc110.pdb
F:\docs\algo docs\algo files\Projects\LinkedList\Debug\LinkedList.pdb
F:\docs\algo docs\algo files\Projects\LinkedList\Debug\LinkedList.exe
F:\docs\algo docs\algo files\Projects\LinkedList\Debug\LinkedList.ilk
